<<<<<<< HEAD
This is pdfTeX, Version 3.14159265-2.6-1.40.17 (TeX Live 2016/Arch Linux) (preloaded format=pdflatex 2016.12.13)  6 FEB 2017 22:27
=======
This is pdfTeX, Version 3.14159265-2.6-1.40.17 (TeX Live 2016/Arch Linux) (preloaded format=pdflatex 2016.12.13)  6 FEB 2017 01:00
>>>>>>> f76d99e74d85230456b447a04a73aa1e15a37d4e
entering extended mode
 restricted \write18 enabled.
 %&-line parsing enabled.
**deqn_discussion.tex
(./deqn_discussion.tex
LaTeX2e <2016/03/31> patch level 3
Babel <3.9r> and hyphenation patterns for 83 language(s) loaded.
(./IEEEtran.cls
Document Class: IEEEtran 2015/08/26 V1.8b by Michael Shell
-- See the "IEEEtran_HOWTO" manual for usage information.
-- http://www.michaelshell.org/tex/ieeetran/
\@IEEEtrantmpdimenA=\dimen102
\@IEEEtrantmpdimenB=\dimen103
\@IEEEtrantmpdimenC=\dimen104
\@IEEEtrantmpcountA=\count79
\@IEEEtrantmpcountB=\count80
\@IEEEtrantmpcountC=\count81
\@IEEEtrantmptoksA=\toks14
LaTeX Font Info:    Try loading font information for OT1+ptm on input line 503.

(/usr/share/texmf-dist/tex/latex/psnfss/ot1ptm.fd
File: ot1ptm.fd 2001/06/04 font definitions for OT1/ptm.
)
-- Using 8.5in x 11in (letter) paper.
-- Using PDF output.
\@IEEEnormalsizeunitybaselineskip=\dimen105
-- This is an 11 point document.
\CLASSINFOnormalsizebaselineskip=\dimen106
\CLASSINFOnormalsizeunitybaselineskip=\dimen107
\IEEEnormaljot=\dimen108
LaTeX Font Info:    Font shape `OT1/ptm/bx/n' in size <6> not available
(Font)              Font shape `OT1/ptm/b/n' tried instead on input line 1090.
LaTeX Font Info:    Font shape `OT1/ptm/bx/it' in size <6> not available
(Font)              Font shape `OT1/ptm/b/it' tried instead on input line 1090.

LaTeX Font Info:    Font shape `OT1/ptm/bx/n' in size <8> not available
(Font)              Font shape `OT1/ptm/b/n' tried instead on input line 1090.
LaTeX Font Info:    Font shape `OT1/ptm/bx/it' in size <8> not available
(Font)              Font shape `OT1/ptm/b/it' tried instead on input line 1090.

LaTeX Font Info:    Font shape `OT1/ptm/bx/n' in size <9> not available
(Font)              Font shape `OT1/ptm/b/n' tried instead on input line 1090.
LaTeX Font Info:    Font shape `OT1/ptm/bx/it' in size <9> not available
(Font)              Font shape `OT1/ptm/b/it' tried instead on input line 1090.

LaTeX Font Info:    Font shape `OT1/ptm/bx/n' in size <10> not available
(Font)              Font shape `OT1/ptm/b/n' tried instead on input line 1090.
LaTeX Font Info:    Font shape `OT1/ptm/bx/it' in size <10> not available
(Font)              Font shape `OT1/ptm/b/it' tried instead on input line 1090.

LaTeX Font Info:    Font shape `OT1/ptm/bx/n' in size <11> not available
(Font)              Font shape `OT1/ptm/b/n' tried instead on input line 1090.
LaTeX Font Info:    Font shape `OT1/ptm/bx/it' in size <11> not available
(Font)              Font shape `OT1/ptm/b/it' tried instead on input line 1090.

LaTeX Font Info:    Font shape `OT1/ptm/bx/n' in size <12> not available
(Font)              Font shape `OT1/ptm/b/n' tried instead on input line 1090.
LaTeX Font Info:    Font shape `OT1/ptm/bx/it' in size <12> not available
(Font)              Font shape `OT1/ptm/b/it' tried instead on input line 1090.

LaTeX Font Info:    Font shape `OT1/ptm/bx/n' in size <17> not available
(Font)              Font shape `OT1/ptm/b/n' tried instead on input line 1090.
LaTeX Font Info:    Font shape `OT1/ptm/bx/it' in size <17> not available
(Font)              Font shape `OT1/ptm/b/it' tried instead on input line 1090.

LaTeX Font Info:    Font shape `OT1/ptm/bx/n' in size <20> not available
(Font)              Font shape `OT1/ptm/b/n' tried instead on input line 1090.
LaTeX Font Info:    Font shape `OT1/ptm/bx/it' in size <20> not available
(Font)              Font shape `OT1/ptm/b/it' tried instead on input line 1090.

LaTeX Font Info:    Font shape `OT1/ptm/bx/n' in size <24> not available
(Font)              Font shape `OT1/ptm/b/n' tried instead on input line 1090.
LaTeX Font Info:    Font shape `OT1/ptm/bx/it' in size <24> not available
(Font)              Font shape `OT1/ptm/b/it' tried instead on input line 1090.

\IEEEquantizedlength=\dimen109
\IEEEquantizedlengthdiff=\dimen110
\IEEEquantizedtextheightdiff=\dimen111
\IEEEilabelindentA=\dimen112
\IEEEilabelindentB=\dimen113
\IEEEilabelindent=\dimen114
\IEEEelabelindent=\dimen115
\IEEEdlabelindent=\dimen116
\IEEElabelindent=\dimen117
\IEEEiednormlabelsep=\dimen118
\IEEEiedmathlabelsep=\dimen119
\IEEEiedtopsep=\skip41
\c@section=\count82
\c@subsection=\count83
\c@subsubsection=\count84
\c@paragraph=\count85
\c@IEEEsubequation=\count86
\abovecaptionskip=\skip42
\belowcaptionskip=\skip43
\c@figure=\count87
\c@table=\count88
\@IEEEeqnnumcols=\count89
\@IEEEeqncolcnt=\count90
\@IEEEsubeqnnumrollback=\count91
\@IEEEquantizeheightA=\dimen120
\@IEEEquantizeheightB=\dimen121
\@IEEEquantizeheightC=\dimen122
\@IEEEquantizeprevdepth=\dimen123
\@IEEEquantizemultiple=\count92
\@IEEEquantizeboxA=\box26
\@IEEEtmpitemindent=\dimen124
\IEEEPARstartletwidth=\dimen125
\c@IEEEbiography=\count93
\@IEEEtranrubishbin=\box27
) (/usr/share/texmf-dist/tex/latex/breakurl/breakurl.sty
Package: breakurl 2013/04/10 v1.40 Breakable hyperref URLs

(/usr/share/texmf-dist/tex/latex/xkeyval/xkeyval.sty
Package: xkeyval 2014/12/03 v2.7a package option processing (HA)

(/usr/share/texmf-dist/tex/generic/xkeyval/xkeyval.tex
(/usr/share/texmf-dist/tex/generic/xkeyval/xkvutils.tex
\XKV@toks=\toks15
\XKV@tempa@toks=\toks16

(/usr/share/texmf-dist/tex/generic/xkeyval/keyval.tex))
\XKV@depth=\count94
File: xkeyval.tex 2014/12/03 v2.7a key=value parser (HA)
))
(/usr/share/texmf-dist/tex/generic/oberdiek/ifpdf.sty
Package: ifpdf 2016/05/14 v3.1 Provides the ifpdf switch
)

Package breakurl Warning: You are using breakurl while processing via pdflatex.

(breakurl)                \burl will be just a synonym of \url.
(breakurl)                 on input line 48.

) (/usr/share/texmf-dist/tex/latex/url/url.sty
\Urlmuskip=\muskip10
Package: url 2013/09/16  ver 3.4  Verb mode for urls, etc.
)
(/usr/share/texmf-dist/tex/latex/cite/cite.sty
LaTeX Info: Redefining \cite on input line 302.
LaTeX Info: Redefining \nocite on input line 332.
Package: cite 2015/02/27  v 5.5
) (./deqn_discussion.aux)
\openout1 = `deqn_discussion.aux'.

LaTeX Font Info:    Checking defaults for OML/cmm/m/it on input line 19.
LaTeX Font Info:    ... okay on input line 19.
LaTeX Font Info:    Checking defaults for T1/cmr/m/n on input line 19.
LaTeX Font Info:    ... okay on input line 19.
LaTeX Font Info:    Checking defaults for OT1/cmr/m/n on input line 19.
LaTeX Font Info:    ... okay on input line 19.
LaTeX Font Info:    Checking defaults for OMS/cmsy/m/n on input line 19.
LaTeX Font Info:    ... okay on input line 19.
LaTeX Font Info:    Checking defaults for OMX/cmex/m/n on input line 19.
LaTeX Font Info:    ... okay on input line 19.
LaTeX Font Info:    Checking defaults for U/cmr/m/n on input line 19.
LaTeX Font Info:    ... okay on input line 19.

-- Lines per column: 52 (exact).
** ATTENTION: \IEEEdisplaynotcompsoctitleabstractindextext is deprecated (line 
52). Use \IEEEdisplaynontitleabstractindextext instead.
<<<<<<< HEAD
LaTeX Font Info:    Calculating math sizes for size <11> on input line 79.
LaTeX Font Info:    External font `cmex10' loaded for size
(Font)              <11> on input line 79.
LaTeX Font Info:    External font `cmex10' loaded for size
(Font)              <7.69997> on input line 79.
LaTeX Font Info:    External font `cmex10' loaded for size
(Font)              <5.5> on input line 79.
LaTeX Font Info:    External font `cmex10' loaded for size
(Font)              <9> on input line 83.
LaTeX Font Info:    External font `cmex10' loaded for size
(Font)              <6> on input line 83.
LaTeX Font Info:    External font `cmex10' loaded for size
(Font)              <5> on input line 83.

Overfull \hbox (3.42058pt too wide) in paragraph at lines 83--106
 [][] 
 []


LaTeX Warning: `h' float specifier changed to `ht'.


Overfull \hbox (1.01747pt too wide) in paragraph at lines 119--130
 [][] 
 []

=======
LaTeX Font Info:    Calculating math sizes for size <11> on input line 93.
LaTeX Font Info:    External font `cmex10' loaded for size
(Font)              <11> on input line 93.
LaTeX Font Info:    External font `cmex10' loaded for size
(Font)              <7.69997> on input line 93.
LaTeX Font Info:    External font `cmex10' loaded for size
(Font)              <5.5> on input line 93.
>>>>>>> f76d99e74d85230456b447a04a73aa1e15a37d4e
[1{/var/lib/texmf/fonts/map/pdftex/updmap/pdftex.map}


]
<<<<<<< HEAD
Underfull \hbox (badness 3769) in paragraph at lines 146--147
[]\OT1/ptm/m/n/11 We first add \OT1/ptm/m/it/11 #prag-man omp par-al-lel for pr
i-
 []


Overfull \hbox (12.48357pt too wide) in paragraph at lines 158--171
 [][] 
 []


LaTeX Warning: `h' float specifier changed to `ht'.


Underfull \hbox (badness 2165) in paragraph at lines 179--180
[]\OT1/ptm/m/n/11 To do this, we will put each loop as a sec-
 []


Underfull \hbox (badness 1888) in paragraph at lines 179--180
\OT1/ptm/m/n/11 at-ing the mesh. The re-sults are recorded in files
 []


Underfull \hbox (badness 2229) in paragraph at lines 181--182
=======
Underfull \hbox (badness 2229) in paragraph at lines 101--102
>>>>>>> f76d99e74d85230456b447a04a73aa1e15a37d4e
[]\OT1/ptm/m/n/11 The av-er-age time taken to cre-ate the mesh is
 []


<<<<<<< HEAD
Underfull \hbox (badness 4467) in paragraph at lines 183--184
[]\OT1/ptm/m/n/11 For com-par-i-son, we run the same code with
 []


Underfull \hbox (badness 4913) in paragraph at lines 183--184
\OT1/ptm/m/n/11 a much larger pro-gram - such as the one in
 []


Underfull \hbox (badness 2277) in paragraph at lines 183--184
\OT1/ptm/m/it/11 square[]mesh,in\OT1/ptm/m/n/11 . The times have been recorded 
in
 []


Underfull \hbox (badness 1354) in paragraph at lines 183--184
\OT1/ptm/m/n/11 the file \OT1/ptm/m/it/11 test[]square10k[]mesh[]00.txt\OT1/ptm
/m/n/11 . The av-er-age is
 []

[2]
Underfull \hbox (badness 10000) in paragraph at lines 297--298
[]\OT1/ptm/b/n/11 test[]xxsteps[]static.txt \OT1/ptm/m/n/11 - code ran on the
 []

[3]
Underfull \hbox (badness 10000) in paragraph at lines 298--299
[]\OT1/ptm/b/n/11 test[]xxsteps.txt\OT1/ptm/m/n/11 - code ran on the
 []


Underfull \hbox (badness 10000) in paragraph at lines 307--308
[]\OT1/ptm/b/n/11 dump[]mesh[]1loop[]x.txt \OT1/ptm/m/n/11 - run-ning
 []


Underfull \hbox (badness 10000) in paragraph at lines 307--308
\OT1/ptm/m/n/11 the pro-gram with a sin-gle pragma in
 []


Underfull \hbox (badness 3942) in paragraph at lines 307--308
\OT1/ptm/m/it/11 Mesh::getTotalTemperature()\OT1/ptm/m/n/11 , on a $\OT1/cmr/m/
n/10.95 1000[]$ \OT1/ptm/m/n/11 grid
 []


Underfull \hbox (badness 10000) in paragraph at lines 313--314
[]\OT1/ptm/b/n/11 dump[]square1[]scheme[]testx.txt \OT1/ptm/m/n/11 - dump
 []


Underfull \hbox (badness 10000) in paragraph at lines 313--314
\OT1/ptm/m/n/11 of the pro-gram with par-al-lelism in the
 []

[4

] (./deqn_discussion.aux) ) 
=======
Underfull \hbox (badness 10000) in paragraph at lines 111--112
[]\OT1/ptm/m/n/11 The times have been recorded in the file
 []


Underfull \hbox (badness 10000) in paragraph at lines 111--112
\OT1/ptm/m/it/11 test[]square10k[]mesh[]00.txt\OT1/ptm/m/n/11 . The av-er-age i
s
 []


Underfull \hbox (badness 1688) in paragraph at lines 111--112
\OT1/ptm/m/n/11 0.005053462 with par-al-lelism. For com-par-i-son, the
 []

LaTeX Font Info:    External font `cmex10' loaded for size
(Font)              <9> on input line 132.
LaTeX Font Info:    External font `cmex10' loaded for size
(Font)              <6> on input line 132.
LaTeX Font Info:    External font `cmex10' loaded for size
(Font)              <5> on input line 132.

Overfull \hbox (16.43184pt too wide) in paragraph at lines 132--146
 [][] 
 []

[2]
Underfull \hbox (badness 10000) in paragraph at lines 186--187
[]\OT1/ptm/b/n/11 test[]square20[]xx.txt \OT1/ptm/m/n/11 - read-ings taken with

 []


Underfull \hbox (badness 7963) in paragraph at lines 187--188
[]\OT1/ptm/b/n/11 test[]square20[]xxa.txt \OT1/ptm/m/n/11 - read-ings taken wit
h
 []


Underfull \hbox (badness 7963) in paragraph at lines 188--189
[]\OT1/ptm/b/n/11 test[]square100[]xx.txt \OT1/ptm/m/n/11 - read-ings taken wit
h
 []


Underfull \hbox (badness 10000) in paragraph at lines 197--198
[]\OT1/ptm/b/n/11 test[]square10k[]mesh[]00.txt \OT1/ptm/m/n/11 - run-ning
 []


Underfull \hbox (badness 1803) in paragraph at lines 197--198
\OT1/ptm/m/it/11 square[]mesh.in \OT1/ptm/m/n/11 with the for loops in \OT1/ptm
/m/it/11 Mesh.C
 []


Underfull \hbox (badness 10000) in paragraph at lines 198--199
[]\OT1/ptm/b/n/11 test[]square10k[]mesh[]00.txt \OT1/ptm/m/n/11 - run-ning
 []


Underfull \hbox (badness 1803) in paragraph at lines 198--199
\OT1/ptm/m/it/11 square[]mesh.in \OT1/ptm/m/n/11 with the for loops in \OT1/ptm
/m/it/11 Mesh.C
 []

[3] (./deqn_discussion.aux) ) 
>>>>>>> f76d99e74d85230456b447a04a73aa1e15a37d4e
Here is how much of TeX's memory you used:
 1481 strings out of 493013
 25146 string characters out of 6139316
 89623 words of memory out of 5000000
 5055 multiletter control sequences out of 15000+600000
 40028 words of font info for 76 fonts, out of 8000000 for 9000
 1144 hyphenation exceptions out of 8191
<<<<<<< HEAD
 27i,8n,19p,708b,224s stack positions out of 5000i,500n,10000p,200000b,80000s
{/usr/share/texmf-dist/fonts/enc/dvips/base/8r.enc}<
/usr/share/texmf-dist/fonts/type1/public/amsfonts/cm/cmmi10.pfb></usr/share/tex
mf-dist/fonts/type1/public/amsfonts/cm/cmr10.pfb></usr/share/texmf-dist/fonts/t
ype1/public/amsfonts/cm/cmr6.pfb></usr/share/texmf-dist/fonts/type1/public/amsf
onts/cm/cmr8.pfb></usr/share/texmf-dist/fonts/type1/public/amsfonts/cm/cmr9.pfb
></usr/share/texmf-dist/fonts/type1/public/amsfonts/cm/cmsy10.pfb></usr/share/t
exmf-dist/fonts/type1/public/amsfonts/cm/cmsy8.pfb></usr/share/texmf-dist/fonts
/type1/public/amsfonts/cm/cmsy9.pfb></usr/share/texmf-dist/fonts/type1/urw/time
s/utmb8a.pfb></usr/share/texmf-dist/fonts/type1/urw/times/utmr8a.pfb></usr/shar
e/texmf-dist/fonts/type1/urw/times/utmri8a.pfb>
Output written on deqn_discussion.pdf (4 pages, 123116 bytes).
PDF statistics:
 62 PDF objects out of 1000 (max. 8388607)
 44 compressed objects within 1 object stream
=======
 27i,8n,19p,645b,202s stack positions out of 5000i,500n,10000p,200000b,80000s
{/usr/share/texmf-dist/fonts/enc/dvips/base/8r.enc
}</usr/share/texmf-dist/fonts/type1/public/amsfonts/cm/cmmi10.pfb></usr/share/t
exmf-dist/fonts/type1/public/amsfonts/cm/cmr10.pfb></usr/share/texmf-dist/fonts
/type1/public/amsfonts/cm/cmr8.pfb></usr/share/texmf-dist/fonts/type1/public/am
sfonts/cm/cmsy10.pfb></usr/share/texmf-dist/fonts/type1/public/amsfonts/cm/cmsy
8.pfb></usr/share/texmf-dist/fonts/type1/urw/times/utmb8a.pfb></usr/share/texmf
-dist/fonts/type1/urw/times/utmr8a.pfb></usr/share/texmf-dist/fonts/type1/urw/t
imes/utmri8a.pfb>
Output written on deqn_discussion.pdf (3 pages, 96886 bytes).
PDF statistics:
 47 PDF objects out of 1000 (max. 8388607)
 33 compressed objects within 1 object stream
>>>>>>> f76d99e74d85230456b447a04a73aa1e15a37d4e
 0 named destinations out of 1000 (max. 500000)
 1 words of extra memory for PDF output out of 10000 (max. 10000000)

